<?xml version="1.0" encoding="utf-8"?><Registration Version="1.7.2" ClientVersion="4.0.01" Client="EIP WSE Registration Client" Date="19.06.2017"><Name xmlns="http://www.xerox.com/webservices/office/cuiregistration/1">Test</Name><Description xmlns="http://www.xerox.com/webservices/office/cuiregistration/1" /><VendorName xmlns="http://www.xerox.com/webservices/office/cuiregistration/1">e-dox AG</VendorName><SmallIconUrl xmlns="http://www.xerox.com/webservices/office/cuiregistration/1">http://kolmberg/test/tools.png</SmallIconUrl><ToolsIconUrl xmlns="http://www.xerox.com/webservices/office/cuiregistration/1" /><Url xmlns="http://www.xerox.com/webservices/office/cuiregistration/1">http://kolmberg/test/index.html</Url><DescriptionUrl xmlns="http://www.xerox.com/webservices/office/cuiregistration/1">http://kolmberg/test/description.xml</DescriptionUrl><Uses xmlns="http://www.xerox.com/webservices/office/cuiregistration/1" /><BrowserType>secondGenEipBrowser</BrowserType></Registration>